|29|1|electroencephalograph|
|25|1|telecommunication|
|24|1|responsibilities|
|24|1|palaeontological|
|24|1|characterization|
|23|3|correspondingly|
|23|2|impossibilities|
|23|1|representatives|
|23|1|instantaneously|
|23|1|disillusionment|
|23|1|anthropologists|
|22|5|administrative|
|22|3|impressiveness|
|22|3|administration|
|22|2|characteristic|
|22|1|untruthfulness|
|22|1|unsatisfactory|
|22|1|unintelligible|
|22|1|understandable|
|22|1|transportation|
|22|1|thermodynamics|
|22|1|superstructure|
|22|1|specialization|
|22|1|sophistication|
|22|1|sentimentality|
|22|1|scholastically|
|22|1|representative|
|22|1|representation|
|22|1|predetermining|
|22|1|potentialities|
|22|1|overwhelmingly|
|22|1|overpopulation|
|22|1|municipalities|
|22|1|irregularities|
|22|1|eccentricities|
|22|1|developmentare|
|22|1|contemporaries|
|22|1|considerations|
|22|1|communications|
|22|1|associatedwith|
|22|1|archaeologists|
|22|1|administrators|
|21|5|technological|
|21|4|circumstances|
|21|3|extraordinary|
|21|3|concentration|
|21|3|comparatively|
|21|2|traditionally|
|21|2|superstitious|
|21|2|sophisticated|
